<?xml version="1.0" encoding="UTF-8"?>
<!-- Generated by org.testng.reporters.JUnitReportReporter -->
<testsuite hostname="HYDL-001375A" failures="0" tests="1" name="com.M42.execution.TestExecution" time="34.191" errors="0" timestamp="2024-03-18T15:35:54 IST" skipped="0">
  <testcase classname="com.M42.execution.TestExecution" name="PatientRegistration" time="34.191"/>
  <system-out/>
</testsuite> <!-- com.M42.execution.TestExecution -->
