<?xml version="1.0" encoding="UTF-8"?>
<!-- Generated by org.testng.reporters.JUnitReportReporter -->
<testsuite hostname="HYDL-001375A" failures="0" tests="1" name="com.M42.execution.TestExecution" time="20.277" errors="0" timestamp="2024-03-15T15:10:14 IST" skipped="0">
  <testcase classname="com.M42.execution.TestExecution" name="PatientRegistration" time="20.277"/>
  <system-out/>
</testsuite> <!-- com.M42.execution.TestExecution -->
